2024-03-29T17:30:06.785-05:00  INFO 532730 --- [restartedMain] c.c.c.ConfigServicePropertySourceLocator : Fetching config from server at : http://localhost:8888
2024-03-29T17:30:06.836-05:00  INFO 532730 --- [restartedMain] c.c.c.ConfigServicePropertySourceLocator : Exception on Url - http://localhost:8888:org.springframework.web.client.ResourceAccessException: I/O error on GET request for "http://localhost:8888/myWeather/default": Connection refused. Will be trying the next url if available
2024-03-29T17:30:06.836-05:00  WARN 532730 --- [restartedMain] c.c.c.ConfigServicePropertySourceLocator : Could not locate PropertySource: I/O error on GET request for "http://localhost:8888/myWeather/default": Connection refused
2024-03-29T17:30:06.837-05:00  INFO 532730 --- [restartedMain] c.e.myweather.MyWeatherApplication       : No active profile set, falling back to 1 default profile: "default"
2024-03-29T17:30:07.155-05:00  INFO 532730 --- [restartedMain] .s.d.r.c.RepositoryConfigurationDelegate : Bootstrapping Spring Data JPA repositories in DEFAULT mode.
2024-03-29T17:30:07.165-05:00  INFO 532730 --- [restartedMain] .s.d.r.c.RepositoryConfigurationDelegate : Finished Spring Data repository scanning in 4 ms. Found 0 JPA repository interfaces.
2024-03-29T17:30:07.234-05:00  INFO 532730 --- [restartedMain] o.s.cloud.context.scope.GenericScope     : BeanFactory id=66888c7b-218e-3090-b008-f3bf68bbf3b6
2024-03-29T17:30:07.296-05:00  INFO 532730 --- [restartedMain] o.s.aop.framework.CglibAopProxy          : Unable to proxy interface-implementing method [public final java.lang.String org.springframework.context.support.AbstractMessageSource.getMessage(java.lang.String,java.lang.Object[],java.util.Locale) throws org.springframework.context.NoSuchMessageException] because it is marked as final: Consider using interface-based JDK proxies instead!
2024-03-29T17:30:07.296-05:00  INFO 532730 --- [restartedMain] o.s.aop.framework.CglibAopProxy          : Unable to proxy interface-implementing method [public final java.lang.String org.springframework.context.support.AbstractMessageSource.getMessage(java.lang.String,java.lang.Object[],java.lang.String,java.util.Locale)] because it is marked as final: Consider using interface-based JDK proxies instead!
2024-03-29T17:30:07.296-05:00  INFO 532730 --- [restartedMain] o.s.aop.framework.CglibAopProxy          : Unable to proxy interface-implementing method [public final java.lang.String org.springframework.context.support.AbstractMessageSource.getMessage(org.springframework.context.MessageSourceResolvable,java.util.Locale) throws org.springframework.context.NoSuchMessageException] because it is marked as final: Consider using interface-based JDK proxies instead!
2024-03-29T17:30:07.573-05:00  INFO 532730 --- [restartedMain] o.s.b.w.embedded.tomcat.TomcatWebServer  : Tomcat initialized with port(s): 8095 (http)
2024-03-29T17:30:07.578-05:00  INFO 532730 --- [restartedMain] o.apache.catalina.core.StandardService   : Starting service [Tomcat]
2024-03-29T17:30:07.578-05:00  INFO 532730 --- [restartedMain] o.apache.catalina.core.StandardEngine    : Starting Servlet engine: [Apache Tomcat/10.1.13]
2024-03-29T17:30:07.619-05:00  INFO 532730 --- [restartedMain] o.a.c.c.C.[Tomcat].[localhost].[/]       : Initializing Spring embedded WebApplicationContext
2024-03-29T17:30:07.619-05:00  INFO 532730 --- [restartedMain] w.s.c.ServletWebServerApplicationContext : Root WebApplicationContext: initialization completed in 772 ms
2024-03-29T17:30:07.641-05:00  INFO 532730 --- [restartedMain] com.zaxxer.hikari.HikariDataSource       : HikariPool-1 - Starting...
2024-03-29T17:30:07.756-05:00  INFO 532730 --- [restartedMain] com.zaxxer.hikari.pool.HikariPool        : HikariPool-1 - Added connection conn0: url=jdbc:h2:mem:4119334d-d999-41ae-a762-91c4e7276626 user=SA
2024-03-29T17:30:07.757-05:00  INFO 532730 --- [restartedMain] com.zaxxer.hikari.HikariDataSource       : HikariPool-1 - Start completed.
2024-03-29T17:30:07.764-05:00  INFO 532730 --- [restartedMain] o.s.b.a.h2.H2ConsoleAutoConfiguration    : H2 console available at '/h2-console'. Database available at 'jdbc:h2:mem:4119334d-d999-41ae-a762-91c4e7276626'
2024-03-29T17:30:07.839-05:00  INFO 532730 --- [restartedMain] o.hibernate.jpa.internal.util.LogHelper  : HHH000204: Processing PersistenceUnitInfo [name: default]
2024-03-29T17:30:07.866-05:00  INFO 532730 --- [restartedMain] org.hibernate.Version                    : HHH000412: Hibernate ORM core version 6.2.9.Final
2024-03-29T17:30:07.867-05:00  INFO 532730 --- [restartedMain] org.hibernate.cfg.Environment            : HHH000406: Using bytecode reflection optimizer
2024-03-29T17:30:07.936-05:00  INFO 532730 --- [restartedMain] o.h.b.i.BytecodeProviderInitiator        : HHH000021: Bytecode provider name : bytebuddy
2024-03-29T17:30:08.013-05:00  INFO 532730 --- [restartedMain] o.s.o.j.p.SpringPersistenceUnitInfo      : No LoadTimeWeaver setup: ignoring JPA class transformer
2024-03-29T17:30:08.085-05:00  INFO 532730 --- [restartedMain] o.h.b.i.BytecodeProviderInitiator        : HHH000021: Bytecode provider name : bytebuddy
2024-03-29T17:30:08.206-05:00  INFO 532730 --- [restartedMain] o.h.e.t.j.p.i.JtaPlatformInitiator       : HHH000490: Using JtaPlatform implementation: [org.hibernate.engine.transaction.jta.platform.internal.NoJtaPlatform]
2024-03-29T17:30:08.209-05:00  INFO 532730 --- [restartedMain] j.LocalContainerEntityManagerFactoryBean : Initialized JPA EntityManagerFactory for persistence unit 'default'
2024-03-29T17:30:08.249-05:00  WARN 532730 --- [restartedMain] JpaBaseConfiguration$JpaWebConfiguration : spring.jpa.open-in-view is enabled by default. Therefore, database queries may be performed during view rendering. Explicitly configure spring.jpa.open-in-view to disable this warning
2024-03-29T17:30:08.441-05:00  INFO 532730 --- [restartedMain] o.s.b.d.a.OptionalLiveReloadServer       : LiveReload server is running on port 35729
2024-03-29T17:30:08.493-05:00  INFO 532730 --- [restartedMain] o.s.b.w.embedded.tomcat.TomcatWebServer  : Tomcat started on port(s): 8095 (http) with context path ''
2024-03-29T17:30:08.506-05:00  INFO 532730 --- [restartedMain] c.e.myweather.MyWeatherApplication       : Started MyWeatherApplication in 2.216 seconds (process running for 2.647)
2024-03-29T17:32:20.664-05:00  INFO 532730 --- [http-nio-8095-exec-1] o.a.c.c.C.[Tomcat].[localhost].[/]       : Initializing Spring DispatcherServlet 'dispatcherServlet'
2024-03-29T17:32:20.664-05:00  INFO 532730 --- [http-nio-8095-exec-1] o.s.web.servlet.DispatcherServlet        : Initializing Servlet 'dispatcherServlet'
2024-03-29T17:32:20.665-05:00  INFO 532730 --- [http-nio-8095-exec-1] o.s.web.servlet.DispatcherServlet        : Completed initialization in 1 ms
